2019-09-24 11:16:56.932  INFO 9588 --- [main] com.project.weather.travel.App           : Starting App on DESKTOP-VUSH7P2 with PID 9588 (C:\Users\Avantika\Documents\workspace-sts-3.9.9.RELEASE\travel\target\classes started by Avantika in C:\Users\Avantika\Documents\workspace-sts-3.9.9.RELEASE\travel)
2019-09-24 11:16:56.951 DEBUG 9588 --- [main] com.project.weather.travel.App           : Running with Spring Boot v2.1.6.RELEASE, Spring v5.1.8.RELEASE
2019-09-24 11:16:56.953  INFO 9588 --- [main] com.project.weather.travel.App           : No active profile set, falling back to default profiles: default
2019-09-24 11:16:58.780  INFO 9588 --- [main] .s.d.r.c.RepositoryConfigurationDelegate : Bootstrapping Spring Data repositories in DEFAULT mode.
2019-09-24 11:16:59.018  INFO 9588 --- [main] .s.d.r.c.RepositoryConfigurationDelegate : Finished Spring Data repository scanning in 196ms. Found 2 repository interfaces.
2019-09-24 11:16:59.880  INFO 9588 --- [main] trationDelegate$BeanPostProcessorChecker : Bean 'org.springframework.transaction.annotation.ProxyTransactionManagementConfiguration' of type [org.springframework.transaction.annotation.ProxyTransactionManagementConfiguration$$EnhancerBySpringCGLIB$$c965fe29] is not eligible for getting processed by all BeanPostProcessors (for example: not eligible for auto-proxying)
2019-09-24 11:17:00.953  INFO 9588 --- [main] o.s.b.w.embedded.tomcat.TomcatWebServer  : Tomcat initialized with port(s): 8080 (http)
2019-09-24 11:17:01.016  INFO 9588 --- [main] o.apache.catalina.core.StandardService   : Starting service [Tomcat]
2019-09-24 11:17:01.019  INFO 9588 --- [main] org.apache.catalina.core.StandardEngine  : Starting Servlet engine: [Apache Tomcat/9.0.21]
2019-09-24 11:17:02.342  INFO 9588 --- [main] o.a.c.c.C.[Tomcat].[localhost].[/]       : Initializing Spring embedded WebApplicationContext
2019-09-24 11:17:02.344  INFO 9588 --- [main] o.s.web.context.ContextLoader            : Root WebApplicationContext: initialization completed in 5257 ms
2019-09-24 11:17:02.862  INFO 9588 --- [main] com.zaxxer.hikari.HikariDataSource       : HikariPool-1 - Starting...
2019-09-24 11:17:10.446  INFO 9588 --- [main] com.zaxxer.hikari.HikariDataSource       : HikariPool-1 - Start completed.
2019-09-24 11:17:10.764  INFO 9588 --- [main] o.hibernate.jpa.internal.util.LogHelper  : HHH000204: Processing PersistenceUnitInfo [
	name: default
	...]
2019-09-24 11:17:11.618  INFO 9588 --- [main] org.hibernate.Version                    : HHH000412: Hibernate Core {5.3.10.Final}
2019-09-24 11:17:11.624  INFO 9588 --- [main] org.hibernate.cfg.Environment            : HHH000206: hibernate.properties not found
2019-09-24 11:17:13.087  INFO 9588 --- [main] o.hibernate.annotations.common.Version   : HCANN000001: Hibernate Commons Annotations {5.0.4.Final}
2019-09-24 11:17:13.689  INFO 9588 --- [main] org.hibernate.dialect.Dialect            : HHH000400: Using dialect: org.hibernate.dialect.MySQL5Dialect
2019-09-24 11:17:16.672  INFO 9588 --- [main] j.LocalContainerEntityManagerFactoryBean : Initialized JPA EntityManagerFactory for persistence unit 'default'
2019-09-24 11:17:19.215  INFO 9588 --- [main] o.s.s.concurrent.ThreadPoolTaskExecutor  : Initializing ExecutorService 'applicationTaskExecutor'
2019-09-24 11:17:19.362  WARN 9588 --- [main] aWebConfiguration$JpaWebMvcConfiguration : spring.jpa.open-in-view is enabled by default. Therefore, database queries may be performed during view rendering. Explicitly configure spring.jpa.open-in-view to disable this warning
2019-09-24 11:17:20.452  INFO 9588 --- [main] o.s.b.w.embedded.tomcat.TomcatWebServer  : Tomcat started on port(s): 8080 (http) with context path ''
2019-09-24 11:17:20.459  INFO 9588 --- [main] com.project.weather.travel.App           : Started App in 24.453 seconds (JVM running for 27.531)
2019-09-24 11:18:51.176  INFO 9588 --- [http-nio-8080-exec-1] o.a.c.c.C.[Tomcat].[localhost].[/]       : Initializing Spring DispatcherServlet 'dispatcherServlet'
2019-09-24 11:18:51.179  INFO 9588 --- [http-nio-8080-exec-1] o.s.web.servlet.DispatcherServlet        : Initializing Servlet 'dispatcherServlet'
2019-09-24 11:18:51.426  INFO 9588 --- [http-nio-8080-exec-1] o.s.web.servlet.DispatcherServlet        : Completed initialization in 172 ms
2019-09-24 11:18:52.551 DEBUG 9588 --- [http-nio-8080-exec-1] c.p.weather.travel.util.MonitorService   : Target: {} com.project.weather.travel.controller.WeatherController@230232b0
2019-09-24 11:18:52.553 DEBUG 9588 --- [http-nio-8080-exec-1] c.p.weather.travel.util.MonitorService   : Before advice called
2019-09-24 11:18:52.571 DEBUG 9588 --- [http-nio-8080-exec-1] c.p.w.travel.service.WeatherService      : creating weather
2019-09-24 11:18:53.207 DEBUG 9588 --- [http-nio-8080-exec-1] c.p.w.travel.service.WeatherService      : weather id does not exist
2019-09-24 11:18:53.239 DEBUG 9588 --- [http-nio-8080-exec-1] c.p.w.travel.service.LocationService     : fetching location ID
2019-09-24 11:18:53.349  INFO 9588 --- [http-nio-8080-exec-1] o.h.h.i.QueryTranslatorFactoryInitiator  : HHH000397: Using ASTQueryTranslatorFactory
2019-09-24 11:18:54.353 DEBUG 9588 --- [http-nio-8080-exec-1] c.p.w.travel.service.LocationService     : new location - inserting in DB
2019-09-24 11:18:56.658 DEBUG 9588 --- [http-nio-8080-exec-1] c.p.weather.travel.util.MonitorService   : Target: {}com.project.weather.travel.controller.WeatherController@230232b0
2019-09-24 11:18:56.662 DEBUG 9588 --- [http-nio-8080-exec-1] c.p.weather.travel.util.MonitorService   : After advice called
2019-09-24 11:19:18.550 DEBUG 9588 --- [http-nio-8080-exec-3] c.p.weather.travel.util.MonitorService   : Target: {} com.project.weather.travel.controller.WeatherController@230232b0
2019-09-24 11:19:18.552 DEBUG 9588 --- [http-nio-8080-exec-3] c.p.weather.travel.util.MonitorService   : Before advice called
2019-09-24 11:19:18.555 DEBUG 9588 --- [http-nio-8080-exec-3] c.p.w.travel.service.WeatherService      : creating weather
2019-09-24 11:19:18.640 DEBUG 9588 --- [http-nio-8080-exec-3] c.p.w.travel.service.WeatherService      : weather id exists
2019-09-24 11:19:18.644 DEBUG 9588 --- [http-nio-8080-exec-3] c.p.w.t.controller.WeatherController     : Data Already Exists Exception message: Weather Data with the given ID already exists
2019-09-24 11:19:18.644 DEBUG 9588 --- [http-nio-8080-exec-3] c.p.weather.travel.util.MonitorService   : Target: {}com.project.weather.travel.controller.WeatherController@230232b0
2019-09-24 11:19:18.646 DEBUG 9588 --- [http-nio-8080-exec-3] c.p.weather.travel.util.MonitorService   : After advice called
2019-09-24 11:22:10.994 DEBUG 9588 --- [http-nio-8080-exec-4] c.p.weather.travel.util.MonitorService   : Target: {} com.project.weather.travel.controller.WeatherController@230232b0
2019-09-24 11:22:10.997 DEBUG 9588 --- [http-nio-8080-exec-4] c.p.weather.travel.util.MonitorService   : Before advice called
2019-09-24 11:22:10.998 DEBUG 9588 --- [http-nio-8080-exec-4] c.p.w.travel.service.WeatherService      : creating weather
2019-09-24 11:22:11.010 DEBUG 9588 --- [http-nio-8080-exec-4] c.p.w.travel.service.WeatherService      : weather id does not exist
2019-09-24 11:22:11.011 DEBUG 9588 --- [http-nio-8080-exec-4] c.p.w.travel.service.LocationService     : fetching location ID
2019-09-24 11:22:11.050 DEBUG 9588 --- [http-nio-8080-exec-4] c.p.w.travel.service.LocationService     : location already exits
2019-09-24 11:22:11.419 DEBUG 9588 --- [http-nio-8080-exec-4] c.p.weather.travel.util.MonitorService   : Target: {}com.project.weather.travel.controller.WeatherController@230232b0
2019-09-24 11:22:11.422 DEBUG 9588 --- [http-nio-8080-exec-4] c.p.weather.travel.util.MonitorService   : After advice called
2019-09-24 11:22:20.524 DEBUG 9588 --- [http-nio-8080-exec-6] c.p.weather.travel.util.MonitorService   : Target: {} com.project.weather.travel.controller.WeatherController@230232b0
2019-09-24 11:22:20.527 DEBUG 9588 --- [http-nio-8080-exec-6] c.p.weather.travel.util.MonitorService   : Before advice called
2019-09-24 11:22:20.574 DEBUG 9588 --- [http-nio-8080-exec-6] c.p.weather.travel.util.MonitorService   : Target: {}com.project.weather.travel.controller.WeatherController@230232b0
2019-09-24 11:22:20.576 DEBUG 9588 --- [http-nio-8080-exec-6] c.p.weather.travel.util.MonitorService   : After advice called
2019-09-24 11:24:34.680 DEBUG 9588 --- [http-nio-8080-exec-8] c.p.weather.travel.util.MonitorService   : Target: {} com.project.weather.travel.controller.WeatherController@230232b0
2019-09-24 11:24:34.683 DEBUG 9588 --- [http-nio-8080-exec-8] c.p.weather.travel.util.MonitorService   : Before advice called
2019-09-24 11:24:34.685 DEBUG 9588 --- [http-nio-8080-exec-8] c.p.w.travel.service.WeatherService      : creating weather
2019-09-24 11:24:34.699 DEBUG 9588 --- [http-nio-8080-exec-8] c.p.w.travel.service.WeatherService      : weather id does not exist
2019-09-24 11:24:34.699 DEBUG 9588 --- [http-nio-8080-exec-8] c.p.w.travel.service.LocationService     : fetching location ID
2019-09-24 11:24:34.704 DEBUG 9588 --- [http-nio-8080-exec-8] c.p.w.travel.service.LocationService     : location already exits
2019-09-24 11:24:34.840 DEBUG 9588 --- [http-nio-8080-exec-8] c.p.weather.travel.util.MonitorService   : Target: {}com.project.weather.travel.controller.WeatherController@230232b0
2019-09-24 11:24:34.842 DEBUG 9588 --- [http-nio-8080-exec-8] c.p.weather.travel.util.MonitorService   : After advice called
2019-09-24 11:24:41.102 DEBUG 9588 --- [http-nio-8080-exec-10] c.p.weather.travel.util.MonitorService   : Target: {} com.project.weather.travel.controller.WeatherController@230232b0
2019-09-24 11:24:41.105 DEBUG 9588 --- [http-nio-8080-exec-10] c.p.weather.travel.util.MonitorService   : Before advice called
2019-09-24 11:24:41.166 DEBUG 9588 --- [http-nio-8080-exec-10] c.p.weather.travel.util.MonitorService   : Target: {}com.project.weather.travel.controller.WeatherController@230232b0
2019-09-24 11:24:41.167 DEBUG 9588 --- [http-nio-8080-exec-10] c.p.weather.travel.util.MonitorService   : After advice called
2019-09-24 11:24:59.988 DEBUG 9588 --- [http-nio-8080-exec-2] c.p.weather.travel.util.MonitorService   : Target: {} com.project.weather.travel.controller.WeatherController@230232b0
2019-09-24 11:24:59.990 DEBUG 9588 --- [http-nio-8080-exec-2] c.p.weather.travel.util.MonitorService   : Before advice called
2019-09-24 11:25:00.015 DEBUG 9588 --- [http-nio-8080-exec-2] c.p.weather.travel.util.MonitorService   : Target: {}com.project.weather.travel.controller.WeatherController@230232b0
2019-09-24 11:25:00.017 DEBUG 9588 --- [http-nio-8080-exec-2] c.p.weather.travel.util.MonitorService   : After advice called
2019-09-24 11:25:10.728 DEBUG 9588 --- [http-nio-8080-exec-4] c.p.weather.travel.util.MonitorService   : Target: {} com.project.weather.travel.controller.WeatherController@230232b0
2019-09-24 11:25:10.731 DEBUG 9588 --- [http-nio-8080-exec-4] c.p.weather.travel.util.MonitorService   : Before advice called
2019-09-24 11:25:10.743 DEBUG 9588 --- [http-nio-8080-exec-4] c.p.weather.travel.util.MonitorService   : Target: {}com.project.weather.travel.controller.WeatherController@230232b0
2019-09-24 11:25:10.745 DEBUG 9588 --- [http-nio-8080-exec-4] c.p.weather.travel.util.MonitorService   : After advice called
2019-09-24 11:25:10.887 DEBUG 9588 --- [http-nio-8080-exec-4] c.p.weather.travel.util.MonitorService   : Exception advice invoked after throwing NoDataFound Exception
2019-09-24 11:25:11.025 ERROR 9588 --- [http-nio-8080-exec-4] o.a.c.c.C.[.[.[/].[dispatcherServlet]    : Servlet.service() for servlet [dispatcherServlet] in context with path [] threw exception [Request processing failed; nested exception is com.project.weather.travel.exception.NoDataFoundException: No weather records exists for the given Date] with root cause

com.project.weather.travel.exception.NoDataFoundException: No weather records exists for the given Date
	at com.project.weather.travel.controller.WeatherController.getWeatherByDate(WeatherController.java:95) ~[classes/:na]
	at com.project.weather.travel.controller.WeatherController$$FastClassBySpringCGLIB$$fa74e2d6.invoke(<generated>) ~[classes/:na]
	at org.springframework.cglib.proxy.MethodProxy.invoke(MethodProxy.java:218) ~[spring-core-5.1.8.RELEASE.jar:5.1.8.RELEASE]
	at org.springframework.aop.framework.CglibAopProxy$CglibMethodInvocation.invokeJoinpoint(CglibAopProxy.java:749) ~[spring-aop-5.1.8.RELEASE.jar:5.1.8.RELEASE]
	at org.springframework.aop.framework.ReflectiveMethodInvocation.proceed(ReflectiveMethodInvocation.java:163) ~[spring-aop-5.1.8.RELEASE.jar:5.1.8.RELEASE]
	at org.springframework.aop.framework.adapter.MethodBeforeAdviceInterceptor.invoke(MethodBeforeAdviceInterceptor.java:56) ~[spring-aop-5.1.8.RELEASE.jar:5.1.8.RELEASE]
	at org.springframework.aop.framework.ReflectiveMethodInvocation.proceed(ReflectiveMethodInvocation.java:186) ~[spring-aop-5.1.8.RELEASE.jar:5.1.8.RELEASE]
	at org.springframework.aop.aspectj.AspectJAfterAdvice.invoke(AspectJAfterAdvice.java:47) ~[spring-aop-5.1.8.RELEASE.jar:5.1.8.RELEASE]
	at org.springframework.aop.framework.ReflectiveMethodInvocation.proceed(ReflectiveMethodInvocation.java:186) ~[spring-aop-5.1.8.RELEASE.jar:5.1.8.RELEASE]
	at org.springframework.aop.aspectj.AspectJAfterThrowingAdvice.invoke(AspectJAfterThrowingAdvice.java:62) ~[spring-aop-5.1.8.RELEASE.jar:5.1.8.RELEASE]
	at org.springframework.aop.framework.ReflectiveMethodInvocation.proceed(ReflectiveMethodInvocation.java:186) ~[spring-aop-5.1.8.RELEASE.jar:5.1.8.RELEASE]
	at org.springframework.aop.interceptor.ExposeInvocationInterceptor.invoke(ExposeInvocationInterceptor.java:93) ~[spring-aop-5.1.8.RELEASE.jar:5.1.8.RELEASE]
	at org.springframework.aop.framework.ReflectiveMethodInvocation.proceed(ReflectiveMethodInvocation.java:186) ~[spring-aop-5.1.8.RELEASE.jar:5.1.8.RELEASE]
	at org.springframework.aop.framework.CglibAopProxy$DynamicAdvisedInterceptor.intercept(CglibAopProxy.java:688) ~[spring-aop-5.1.8.RELEASE.jar:5.1.8.RELEASE]
	at com.project.weather.travel.controller.WeatherController$$EnhancerBySpringCGLIB$$8fd48e06.getWeatherByDate(<generated>) ~[classes/:na]
	at sun.reflect.NativeMethodAccessorImpl.invoke0(Native Method) ~[na:1.8.0_201]
	at sun.reflect.NativeMethodAccessorImpl.invoke(Unknown Source) ~[na:1.8.0_201]
	at sun.reflect.DelegatingMethodAccessorImpl.invoke(Unknown Source) ~[na:1.8.0_201]
	at java.lang.reflect.Method.invoke(Unknown Source) ~[na:1.8.0_201]
	at org.springframework.web.method.support.InvocableHandlerMethod.doInvoke(InvocableHandlerMethod.java:190) ~[spring-web-5.1.8.RELEASE.jar:5.1.8.RELEASE]
	at org.springframework.web.method.support.InvocableHandlerMethod.invokeForRequest(InvocableHandlerMethod.java:138) ~[spring-web-5.1.8.RELEASE.jar:5.1.8.RELEASE]
	at org.springframework.web.servlet.mvc.method.annotation.ServletInvocableHandlerMethod.invokeAndHandle(ServletInvocableHandlerMethod.java:104) ~[spring-webmvc-5.1.8.RELEASE.jar:5.1.8.RELEASE]
	at org.springframework.web.servlet.mvc.method.annotation.RequestMappingHandlerAdapter.invokeHandlerMethod(RequestMappingHandlerAdapter.java:892) ~[spring-webmvc-5.1.8.RELEASE.jar:5.1.8.RELEASE]
	at org.springframework.web.servlet.mvc.method.annotation.RequestMappingHandlerAdapter.handleInternal(RequestMappingHandlerAdapter.java:797) ~[spring-webmvc-5.1.8.RELEASE.jar:5.1.8.RELEASE]
	at org.springframework.web.servlet.mvc.method.AbstractHandlerMethodAdapter.handle(AbstractHandlerMethodAdapter.java:87) ~[spring-webmvc-5.1.8.RELEASE.jar:5.1.8.RELEASE]
	at org.springframework.web.servlet.DispatcherServlet.doDispatch(DispatcherServlet.java:1039) ~[spring-webmvc-5.1.8.RELEASE.jar:5.1.8.RELEASE]
	at org.springframework.web.servlet.DispatcherServlet.doService(DispatcherServlet.java:942) ~[spring-webmvc-5.1.8.RELEASE.jar:5.1.8.RELEASE]
	at org.springframework.web.servlet.FrameworkServlet.processRequest(FrameworkServlet.java:1005) ~[spring-webmvc-5.1.8.RELEASE.jar:5.1.8.RELEASE]
	at org.springframework.web.servlet.FrameworkServlet.doGet(FrameworkServlet.java:897) ~[spring-webmvc-5.1.8.RELEASE.jar:5.1.8.RELEASE]
	at javax.servlet.http.HttpServlet.service(HttpServlet.java:634) ~[tomcat-embed-core-9.0.21.jar:9.0.21]
	at org.springframework.web.servlet.FrameworkServlet.service(FrameworkServlet.java:882) ~[spring-webmvc-5.1.8.RELEASE.jar:5.1.8.RELEASE]
	at javax.servlet.http.HttpServlet.service(HttpServlet.java:741) ~[tomcat-embed-core-9.0.21.jar:9.0.21]
	at org.apache.catalina.core.ApplicationFilterChain.internalDoFilter(ApplicationFilterChain.java:231) ~[tomcat-embed-core-9.0.21.jar:9.0.21]
	at org.apache.catalina.core.ApplicationFilterChain.doFilter(ApplicationFilterChain.java:166) ~[tomcat-embed-core-9.0.21.jar:9.0.21]
	at org.apache.tomcat.websocket.server.WsFilter.doFilter(WsFilter.java:53) ~[tomcat-embed-websocket-9.0.21.jar:9.0.21]
	at org.apache.catalina.core.ApplicationFilterChain.internalDoFilter(ApplicationFilterChain.java:193) ~[tomcat-embed-core-9.0.21.jar:9.0.21]
	at org.apache.catalina.core.ApplicationFilterChain.doFilter(ApplicationFilterChain.java:166) ~[tomcat-embed-core-9.0.21.jar:9.0.21]
	at org.springframework.web.filter.RequestContextFilter.doFilterInternal(RequestContextFilter.java:99) ~[spring-web-5.1.8.RELEASE.jar:5.1.8.RELEASE]
	at org.springframework.web.filter.OncePerRequestFilter.doFilter(OncePerRequestFilter.java:109) ~[spring-web-5.1.8.RELEASE.jar:5.1.8.RELEASE]
	at org.apache.catalina.core.ApplicationFilterChain.internalDoFilter(ApplicationFilterChain.java:193) ~[tomcat-embed-core-9.0.21.jar:9.0.21]
	at org.apache.catalina.core.ApplicationFilterChain.doFilter(ApplicationFilterChain.java:166) ~[tomcat-embed-core-9.0.21.jar:9.0.21]
	at org.springframework.web.filter.FormContentFilter.doFilterInternal(FormContentFilter.java:92) ~[spring-web-5.1.8.RELEASE.jar:5.1.8.RELEASE]
	at org.springframework.web.filter.OncePerRequestFilter.doFilter(OncePerRequestFilter.java:109) ~[spring-web-5.1.8.RELEASE.jar:5.1.8.RELEASE]
	at org.apache.catalina.core.ApplicationFilterChain.internalDoFilter(ApplicationFilterChain.java:193) ~[tomcat-embed-core-9.0.21.jar:9.0.21]
	at org.apache.catalina.core.ApplicationFilterChain.doFilter(ApplicationFilterChain.java:166) ~[tomcat-embed-core-9.0.21.jar:9.0.21]
	at org.springframework.web.filter.HiddenHttpMethodFilter.doFilterInternal(HiddenHttpMethodFilter.java:93) ~[spring-web-5.1.8.RELEASE.jar:5.1.8.RELEASE]
	at org.springframework.web.filter.OncePerRequestFilter.doFilter(OncePerRequestFilter.java:109) ~[spring-web-5.1.8.RELEASE.jar:5.1.8.RELEASE]
	at org.apache.catalina.core.ApplicationFilterChain.internalDoFilter(ApplicationFilterChain.java:193) ~[tomcat-embed-core-9.0.21.jar:9.0.21]
	at org.apache.catalina.core.ApplicationFilterChain.doFilter(ApplicationFilterChain.java:166) ~[tomcat-embed-core-9.0.21.jar:9.0.21]
	at org.springframework.web.filter.CharacterEncodingFilter.doFilterInternal(CharacterEncodingFilter.java:200) ~[spring-web-5.1.8.RELEASE.jar:5.1.8.RELEASE]
	at org.springframework.web.filter.OncePerRequestFilter.doFilter(OncePerRequestFilter.java:109) ~[spring-web-5.1.8.RELEASE.jar:5.1.8.RELEASE]
	at org.apache.catalina.core.ApplicationFilterChain.internalDoFilter(ApplicationFilterChain.java:193) ~[tomcat-embed-core-9.0.21.jar:9.0.21]
	at org.apache.catalina.core.ApplicationFilterChain.doFilter(ApplicationFilterChain.java:166) ~[tomcat-embed-core-9.0.21.jar:9.0.21]
	at org.apache.catalina.core.StandardWrapperValve.invoke(StandardWrapperValve.java:202) ~[tomcat-embed-core-9.0.21.jar:9.0.21]
	at org.apache.catalina.core.StandardContextValve.invoke(StandardContextValve.java:96) [tomcat-embed-core-9.0.21.jar:9.0.21]
	at org.apache.catalina.authenticator.AuthenticatorBase.invoke(AuthenticatorBase.java:490) [tomcat-embed-core-9.0.21.jar:9.0.21]
	at org.apache.catalina.core.StandardHostValve.invoke(StandardHostValve.java:139) [tomcat-embed-core-9.0.21.jar:9.0.21]
	at org.apache.catalina.valves.ErrorReportValve.invoke(ErrorReportValve.java:92) [tomcat-embed-core-9.0.21.jar:9.0.21]
	at org.apache.catalina.core.StandardEngineValve.invoke(StandardEngineValve.java:74) [tomcat-embed-core-9.0.21.jar:9.0.21]
	at org.apache.catalina.connector.CoyoteAdapter.service(CoyoteAdapter.java:343) [tomcat-embed-core-9.0.21.jar:9.0.21]
	at org.apache.coyote.http11.Http11Processor.service(Http11Processor.java:408) [tomcat-embed-core-9.0.21.jar:9.0.21]
	at org.apache.coyote.AbstractProcessorLight.process(AbstractProcessorLight.java:66) [tomcat-embed-core-9.0.21.jar:9.0.21]
	at org.apache.coyote.AbstractProtocol$ConnectionHandler.process(AbstractProtocol.java:853) [tomcat-embed-core-9.0.21.jar:9.0.21]
	at org.apache.tomcat.util.net.NioEndpoint$SocketProcessor.doRun(NioEndpoint.java:1587) [tomcat-embed-core-9.0.21.jar:9.0.21]
	at org.apache.tomcat.util.net.SocketProcessorBase.run(SocketProcessorBase.java:49) [tomcat-embed-core-9.0.21.jar:9.0.21]
	at java.util.concurrent.ThreadPoolExecutor.runWorker(Unknown Source) [na:1.8.0_201]
	at java.util.concurrent.ThreadPoolExecutor$Worker.run(Unknown Source) [na:1.8.0_201]
	at org.apache.tomcat.util.threads.TaskThread$WrappingRunnable.run(TaskThread.java:61) [tomcat-embed-core-9.0.21.jar:9.0.21]
	at java.lang.Thread.run(Unknown Source) [na:1.8.0_201]

2019-09-24 11:25:35.773 DEBUG 9588 --- [http-nio-8080-exec-5] c.p.weather.travel.util.MonitorService   : Target: {} com.project.weather.travel.controller.WeatherController@230232b0
2019-09-24 11:25:35.776 DEBUG 9588 --- [http-nio-8080-exec-5] c.p.weather.travel.util.MonitorService   : Before advice called
2019-09-24 11:25:35.808 DEBUG 9588 --- [http-nio-8080-exec-5] c.p.weather.travel.util.MonitorService   : Target: {}com.project.weather.travel.controller.WeatherController@230232b0
2019-09-24 11:25:35.808 DEBUG 9588 --- [http-nio-8080-exec-5] c.p.weather.travel.util.MonitorService   : After advice called
2019-09-24 11:25:54.116 DEBUG 9588 --- [http-nio-8080-exec-7] c.p.weather.travel.util.MonitorService   : Target: {} com.project.weather.travel.controller.WeatherController@230232b0
2019-09-24 11:25:54.118 DEBUG 9588 --- [http-nio-8080-exec-7] c.p.weather.travel.util.MonitorService   : Before advice called
2019-09-24 11:25:54.711 DEBUG 9588 --- [http-nio-8080-exec-7] c.p.weather.travel.util.MonitorService   : Target: {}com.project.weather.travel.controller.WeatherController@230232b0
2019-09-24 11:25:54.712 DEBUG 9588 --- [http-nio-8080-exec-7] c.p.weather.travel.util.MonitorService   : After advice called
2019-09-24 11:25:58.580 DEBUG 9588 --- [http-nio-8080-exec-9] c.p.weather.travel.util.MonitorService   : Target: {} com.project.weather.travel.controller.WeatherController@230232b0
2019-09-24 11:25:58.583 DEBUG 9588 --- [http-nio-8080-exec-9] c.p.weather.travel.util.MonitorService   : Before advice called
2019-09-24 11:25:58.590 DEBUG 9588 --- [http-nio-8080-exec-9] c.p.weather.travel.util.MonitorService   : Target: {}com.project.weather.travel.controller.WeatherController@230232b0
2019-09-24 11:25:58.591 DEBUG 9588 --- [http-nio-8080-exec-9] c.p.weather.travel.util.MonitorService   : After advice called
2019-09-24 11:26:09.856 DEBUG 9588 --- [http-nio-8080-exec-1] c.p.weather.travel.util.MonitorService   : Target: {} com.project.weather.travel.controller.WeatherController@230232b0
2019-09-24 11:26:09.858 DEBUG 9588 --- [http-nio-8080-exec-1] c.p.weather.travel.util.MonitorService   : Before advice called
2019-09-24 11:26:09.865 DEBUG 9588 --- [http-nio-8080-exec-1] c.p.weather.travel.util.MonitorService   : Target: {}com.project.weather.travel.controller.WeatherController@230232b0
2019-09-24 11:26:09.865 DEBUG 9588 --- [http-nio-8080-exec-1] c.p.weather.travel.util.MonitorService   : After advice called
2019-09-24 11:26:17.002 DEBUG 9588 --- [http-nio-8080-exec-3] c.p.weather.travel.util.MonitorService   : Target: {} com.project.weather.travel.controller.WeatherController@230232b0
2019-09-24 11:26:17.004 DEBUG 9588 --- [http-nio-8080-exec-3] c.p.weather.travel.util.MonitorService   : Before advice called
2019-09-24 11:26:17.009 DEBUG 9588 --- [http-nio-8080-exec-3] c.p.weather.travel.util.MonitorService   : Target: {}com.project.weather.travel.controller.WeatherController@230232b0
2019-09-24 11:26:17.010 DEBUG 9588 --- [http-nio-8080-exec-3] c.p.weather.travel.util.MonitorService   : After advice called
2019-09-24 11:26:17.014 DEBUG 9588 --- [http-nio-8080-exec-3] c.p.weather.travel.util.MonitorService   : Exception advice invoked after throwing NoDataFound Exception
2019-09-24 11:26:17.024 ERROR 9588 --- [http-nio-8080-exec-3] o.a.c.c.C.[.[.[/].[dispatcherServlet]    : Servlet.service() for servlet [dispatcherServlet] in context with path [] threw exception [Request processing failed; nested exception is com.project.weather.travel.exception.NoDataFoundException: No weather records exists in the table] with root cause

com.project.weather.travel.exception.NoDataFoundException: No weather records exists in the table
	at com.project.weather.travel.controller.WeatherController.getAllWeatherData(WeatherController.java:76) ~[classes/:na]
	at com.project.weather.travel.controller.WeatherController$$FastClassBySpringCGLIB$$fa74e2d6.invoke(<generated>) ~[classes/:na]
	at org.springframework.cglib.proxy.MethodProxy.invoke(MethodProxy.java:218) ~[spring-core-5.1.8.RELEASE.jar:5.1.8.RELEASE]
	at org.springframework.aop.framework.CglibAopProxy$CglibMethodInvocation.invokeJoinpoint(CglibAopProxy.java:749) ~[spring-aop-5.1.8.RELEASE.jar:5.1.8.RELEASE]
	at org.springframework.aop.framework.ReflectiveMethodInvocation.proceed(ReflectiveMethodInvocation.java:163) ~[spring-aop-5.1.8.RELEASE.jar:5.1.8.RELEASE]
	at org.springframework.aop.framework.adapter.MethodBeforeAdviceInterceptor.invoke(MethodBeforeAdviceInterceptor.java:56) ~[spring-aop-5.1.8.RELEASE.jar:5.1.8.RELEASE]
	at org.springframework.aop.framework.ReflectiveMethodInvocation.proceed(ReflectiveMethodInvocation.java:186) ~[spring-aop-5.1.8.RELEASE.jar:5.1.8.RELEASE]
	at org.springframework.aop.aspectj.AspectJAfterAdvice.invoke(AspectJAfterAdvice.java:47) ~[spring-aop-5.1.8.RELEASE.jar:5.1.8.RELEASE]
	at org.springframework.aop.framework.ReflectiveMethodInvocation.proceed(ReflectiveMethodInvocation.java:186) ~[spring-aop-5.1.8.RELEASE.jar:5.1.8.RELEASE]
	at org.springframework.aop.aspectj.AspectJAfterThrowingAdvice.invoke(AspectJAfterThrowingAdvice.java:62) ~[spring-aop-5.1.8.RELEASE.jar:5.1.8.RELEASE]
	at org.springframework.aop.framework.ReflectiveMethodInvocation.proceed(ReflectiveMethodInvocation.java:186) ~[spring-aop-5.1.8.RELEASE.jar:5.1.8.RELEASE]
	at org.springframework.aop.interceptor.ExposeInvocationInterceptor.invoke(ExposeInvocationInterceptor.java:93) ~[spring-aop-5.1.8.RELEASE.jar:5.1.8.RELEASE]
	at org.springframework.aop.framework.ReflectiveMethodInvocation.proceed(ReflectiveMethodInvocation.java:186) ~[spring-aop-5.1.8.RELEASE.jar:5.1.8.RELEASE]
	at org.springframework.aop.framework.CglibAopProxy$DynamicAdvisedInterceptor.intercept(CglibAopProxy.java:688) ~[spring-aop-5.1.8.RELEASE.jar:5.1.8.RELEASE]
	at com.project.weather.travel.controller.WeatherController$$EnhancerBySpringCGLIB$$8fd48e06.getAllWeatherData(<generated>) ~[classes/:na]
	at sun.reflect.NativeMethodAccessorImpl.invoke0(Native Method) ~[na:1.8.0_201]
	at sun.reflect.NativeMethodAccessorImpl.invoke(Unknown Source) ~[na:1.8.0_201]
	at sun.reflect.DelegatingMethodAccessorImpl.invoke(Unknown Source) ~[na:1.8.0_201]
	at java.lang.reflect.Method.invoke(Unknown Source) ~[na:1.8.0_201]
	at org.springframework.web.method.support.InvocableHandlerMethod.doInvoke(InvocableHandlerMethod.java:190) ~[spring-web-5.1.8.RELEASE.jar:5.1.8.RELEASE]
	at org.springframework.web.method.support.InvocableHandlerMethod.invokeForRequest(InvocableHandlerMethod.java:138) ~[spring-web-5.1.8.RELEASE.jar:5.1.8.RELEASE]
	at org.springframework.web.servlet.mvc.method.annotation.ServletInvocableHandlerMethod.invokeAndHandle(ServletInvocableHandlerMethod.java:104) ~[spring-webmvc-5.1.8.RELEASE.jar:5.1.8.RELEASE]
	at org.springframework.web.servlet.mvc.method.annotation.RequestMappingHandlerAdapter.invokeHandlerMethod(RequestMappingHandlerAdapter.java:892) ~[spring-webmvc-5.1.8.RELEASE.jar:5.1.8.RELEASE]
	at org.springframework.web.servlet.mvc.method.annotation.RequestMappingHandlerAdapter.handleInternal(RequestMappingHandlerAdapter.java:797) ~[spring-webmvc-5.1.8.RELEASE.jar:5.1.8.RELEASE]
	at org.springframework.web.servlet.mvc.method.AbstractHandlerMethodAdapter.handle(AbstractHandlerMethodAdapter.java:87) ~[spring-webmvc-5.1.8.RELEASE.jar:5.1.8.RELEASE]
	at org.springframework.web.servlet.DispatcherServlet.doDispatch(DispatcherServlet.java:1039) ~[spring-webmvc-5.1.8.RELEASE.jar:5.1.8.RELEASE]
	at org.springframework.web.servlet.DispatcherServlet.doService(DispatcherServlet.java:942) ~[spring-webmvc-5.1.8.RELEASE.jar:5.1.8.RELEASE]
	at org.springframework.web.servlet.FrameworkServlet.processRequest(FrameworkServlet.java:1005) ~[spring-webmvc-5.1.8.RELEASE.jar:5.1.8.RELEASE]
	at org.springframework.web.servlet.FrameworkServlet.doGet(FrameworkServlet.java:897) ~[spring-webmvc-5.1.8.RELEASE.jar:5.1.8.RELEASE]
	at javax.servlet.http.HttpServlet.service(HttpServlet.java:634) ~[tomcat-embed-core-9.0.21.jar:9.0.21]
	at org.springframework.web.servlet.FrameworkServlet.service(FrameworkServlet.java:882) ~[spring-webmvc-5.1.8.RELEASE.jar:5.1.8.RELEASE]
	at javax.servlet.http.HttpServlet.service(HttpServlet.java:741) ~[tomcat-embed-core-9.0.21.jar:9.0.21]
	at org.apache.catalina.core.ApplicationFilterChain.internalDoFilter(ApplicationFilterChain.java:231) ~[tomcat-embed-core-9.0.21.jar:9.0.21]
	at org.apache.catalina.core.ApplicationFilterChain.doFilter(ApplicationFilterChain.java:166) ~[tomcat-embed-core-9.0.21.jar:9.0.21]
	at org.apache.tomcat.websocket.server.WsFilter.doFilter(WsFilter.java:53) ~[tomcat-embed-websocket-9.0.21.jar:9.0.21]
	at org.apache.catalina.core.ApplicationFilterChain.internalDoFilter(ApplicationFilterChain.java:193) ~[tomcat-embed-core-9.0.21.jar:9.0.21]
	at org.apache.catalina.core.ApplicationFilterChain.doFilter(ApplicationFilterChain.java:166) ~[tomcat-embed-core-9.0.21.jar:9.0.21]
	at org.springframework.web.filter.RequestContextFilter.doFilterInternal(RequestContextFilter.java:99) ~[spring-web-5.1.8.RELEASE.jar:5.1.8.RELEASE]
	at org.springframework.web.filter.OncePerRequestFilter.doFilter(OncePerRequestFilter.java:109) ~[spring-web-5.1.8.RELEASE.jar:5.1.8.RELEASE]
	at org.apache.catalina.core.ApplicationFilterChain.internalDoFilter(ApplicationFilterChain.java:193) ~[tomcat-embed-core-9.0.21.jar:9.0.21]
	at org.apache.catalina.core.ApplicationFilterChain.doFilter(ApplicationFilterChain.java:166) ~[tomcat-embed-core-9.0.21.jar:9.0.21]
	at org.springframework.web.filter.FormContentFilter.doFilterInternal(FormContentFilter.java:92) ~[spring-web-5.1.8.RELEASE.jar:5.1.8.RELEASE]
	at org.springframework.web.filter.OncePerRequestFilter.doFilter(OncePerRequestFilter.java:109) ~[spring-web-5.1.8.RELEASE.jar:5.1.8.RELEASE]
	at org.apache.catalina.core.ApplicationFilterChain.internalDoFilter(ApplicationFilterChain.java:193) ~[tomcat-embed-core-9.0.21.jar:9.0.21]
	at org.apache.catalina.core.ApplicationFilterChain.doFilter(ApplicationFilterChain.java:166) ~[tomcat-embed-core-9.0.21.jar:9.0.21]
	at org.springframework.web.filter.HiddenHttpMethodFilter.doFilterInternal(HiddenHttpMethodFilter.java:93) ~[spring-web-5.1.8.RELEASE.jar:5.1.8.RELEASE]
	at org.springframework.web.filter.OncePerRequestFilter.doFilter(OncePerRequestFilter.java:109) ~[spring-web-5.1.8.RELEASE.jar:5.1.8.RELEASE]
	at org.apache.catalina.core.ApplicationFilterChain.internalDoFilter(ApplicationFilterChain.java:193) ~[tomcat-embed-core-9.0.21.jar:9.0.21]
	at org.apache.catalina.core.ApplicationFilterChain.doFilter(ApplicationFilterChain.java:166) ~[tomcat-embed-core-9.0.21.jar:9.0.21]
	at org.springframework.web.filter.CharacterEncodingFilter.doFilterInternal(CharacterEncodingFilter.java:200) ~[spring-web-5.1.8.RELEASE.jar:5.1.8.RELEASE]
	at org.springframework.web.filter.OncePerRequestFilter.doFilter(OncePerRequestFilter.java:109) ~[spring-web-5.1.8.RELEASE.jar:5.1.8.RELEASE]
	at org.apache.catalina.core.ApplicationFilterChain.internalDoFilter(ApplicationFilterChain.java:193) ~[tomcat-embed-core-9.0.21.jar:9.0.21]
	at org.apache.catalina.core.ApplicationFilterChain.doFilter(ApplicationFilterChain.java:166) ~[tomcat-embed-core-9.0.21.jar:9.0.21]
	at org.apache.catalina.core.StandardWrapperValve.invoke(StandardWrapperValve.java:202) ~[tomcat-embed-core-9.0.21.jar:9.0.21]
	at org.apache.catalina.core.StandardContextValve.invoke(StandardContextValve.java:96) [tomcat-embed-core-9.0.21.jar:9.0.21]
	at org.apache.catalina.authenticator.AuthenticatorBase.invoke(AuthenticatorBase.java:490) [tomcat-embed-core-9.0.21.jar:9.0.21]
	at org.apache.catalina.core.StandardHostValve.invoke(StandardHostValve.java:139) [tomcat-embed-core-9.0.21.jar:9.0.21]
	at org.apache.catalina.valves.ErrorReportValve.invoke(ErrorReportValve.java:92) [tomcat-embed-core-9.0.21.jar:9.0.21]
	at org.apache.catalina.core.StandardEngineValve.invoke(StandardEngineValve.java:74) [tomcat-embed-core-9.0.21.jar:9.0.21]
	at org.apache.catalina.connector.CoyoteAdapter.service(CoyoteAdapter.java:343) [tomcat-embed-core-9.0.21.jar:9.0.21]
	at org.apache.coyote.http11.Http11Processor.service(Http11Processor.java:408) [tomcat-embed-core-9.0.21.jar:9.0.21]
	at org.apache.coyote.AbstractProcessorLight.process(AbstractProcessorLight.java:66) [tomcat-embed-core-9.0.21.jar:9.0.21]
	at org.apache.coyote.AbstractProtocol$ConnectionHandler.process(AbstractProtocol.java:853) [tomcat-embed-core-9.0.21.jar:9.0.21]
	at org.apache.tomcat.util.net.NioEndpoint$SocketProcessor.doRun(NioEndpoint.java:1587) [tomcat-embed-core-9.0.21.jar:9.0.21]
	at org.apache.tomcat.util.net.SocketProcessorBase.run(SocketProcessorBase.java:49) [tomcat-embed-core-9.0.21.jar:9.0.21]
	at java.util.concurrent.ThreadPoolExecutor.runWorker(Unknown Source) [na:1.8.0_201]
	at java.util.concurrent.ThreadPoolExecutor$Worker.run(Unknown Source) [na:1.8.0_201]
	at org.apache.tomcat.util.threads.TaskThread$WrappingRunnable.run(TaskThread.java:61) [tomcat-embed-core-9.0.21.jar:9.0.21]
	at java.lang.Thread.run(Unknown Source) [na:1.8.0_201]

2019-09-24 12:01:00.235 DEBUG 9588 --- [http-nio-8080-exec-4] c.p.weather.travel.util.MonitorService   : Target: {} com.project.weather.travel.controller.WeatherController@230232b0
2019-09-24 12:01:00.263 DEBUG 9588 --- [http-nio-8080-exec-4] c.p.weather.travel.util.MonitorService   : Before advice called
2019-09-24 12:01:00.264 DEBUG 9588 --- [http-nio-8080-exec-4] c.p.w.travel.service.WeatherService      : creating weather
2019-09-24 12:01:00.441 DEBUG 9588 --- [http-nio-8080-exec-4] c.p.w.travel.service.WeatherService      : weather id does not exist
2019-09-24 12:01:00.443 DEBUG 9588 --- [http-nio-8080-exec-4] c.p.w.travel.service.LocationService     : fetching location ID
2019-09-24 12:01:00.509 DEBUG 9588 --- [http-nio-8080-exec-4] c.p.w.travel.service.LocationService     : location already exits
2019-09-24 12:01:00.692 DEBUG 9588 --- [http-nio-8080-exec-4] c.p.weather.travel.util.MonitorService   : Target: {}com.project.weather.travel.controller.WeatherController@230232b0
2019-09-24 12:01:00.694 DEBUG 9588 --- [http-nio-8080-exec-4] c.p.weather.travel.util.MonitorService   : After advice called
2019-09-24 12:01:08.991 DEBUG 9588 --- [http-nio-8080-exec-6] c.p.weather.travel.util.MonitorService   : Target: {} com.project.weather.travel.controller.WeatherController@230232b0
2019-09-24 12:01:08.994 DEBUG 9588 --- [http-nio-8080-exec-6] c.p.weather.travel.util.MonitorService   : Before advice called
2019-09-24 12:01:09.014 DEBUG 9588 --- [http-nio-8080-exec-6] c.p.weather.travel.util.MonitorService   : Target: {}com.project.weather.travel.controller.WeatherController@230232b0
2019-09-24 12:01:09.016 DEBUG 9588 --- [http-nio-8080-exec-6] c.p.weather.travel.util.MonitorService   : After advice called
2019-09-24 12:07:47.427 DEBUG 9588 --- [http-nio-8080-exec-8] c.p.weather.travel.util.MonitorService   : Target: {} com.project.weather.travel.controller.WeatherController@230232b0
2019-09-24 12:07:47.429 DEBUG 9588 --- [http-nio-8080-exec-8] c.p.weather.travel.util.MonitorService   : Before advice called
2019-09-24 12:07:47.431 DEBUG 9588 --- [http-nio-8080-exec-8] c.p.w.travel.service.WeatherService      : creating weather
2019-09-24 12:07:47.462 DEBUG 9588 --- [http-nio-8080-exec-8] c.p.w.travel.service.WeatherService      : weather id does not exist
2019-09-24 12:07:47.463 DEBUG 9588 --- [http-nio-8080-exec-8] c.p.w.travel.service.LocationService     : fetching location ID
2019-09-24 12:07:47.468 DEBUG 9588 --- [http-nio-8080-exec-8] c.p.w.travel.service.LocationService     : location already exits
2019-09-24 12:07:47.627 DEBUG 9588 --- [http-nio-8080-exec-8] c.p.weather.travel.util.MonitorService   : Target: {}com.project.weather.travel.controller.WeatherController@230232b0
2019-09-24 12:07:47.629 DEBUG 9588 --- [http-nio-8080-exec-8] c.p.weather.travel.util.MonitorService   : After advice called
2019-09-24 12:07:59.769 DEBUG 9588 --- [http-nio-8080-exec-10] c.p.weather.travel.util.MonitorService   : Target: {} com.project.weather.travel.controller.WeatherController@230232b0
2019-09-24 12:07:59.772 DEBUG 9588 --- [http-nio-8080-exec-10] c.p.weather.travel.util.MonitorService   : Before advice called
2019-09-24 12:07:59.826 DEBUG 9588 --- [http-nio-8080-exec-10] c.p.weather.travel.util.MonitorService   : Target: {}com.project.weather.travel.controller.WeatherController@230232b0
2019-09-24 12:07:59.828 DEBUG 9588 --- [http-nio-8080-exec-10] c.p.weather.travel.util.MonitorService   : After advice called
2019-09-24 12:08:25.797  WARN 9588 --- [http-nio-8080-exec-2] .w.s.m.s.DefaultHandlerExceptionResolver : Resolved [org.springframework.http.converter.HttpMessageNotReadableException: JSON parse error: Cannot deserialize value of type `java.util.Date` from String "202-135": expected format "yyyy-MM-dd"; nested exception is com.fasterxml.jackson.databind.exc.InvalidFormatException: Cannot deserialize value of type `java.util.Date` from String "202-135": expected format "yyyy-MM-dd"
 at [Source: (PushbackInputStream); line: 3, column: 11] (through reference chain: com.project.weather.travel.model.Weather["date"])]
2019-09-24 12:08:33.892  WARN 9588 --- [http-nio-8080-exec-3] .w.s.m.s.DefaultHandlerExceptionResolver : Resolved [org.springframework.http.converter.HttpMessageNotReadableException: JSON parse error: Cannot deserialize value of type `java.util.Date` from String "202-135": expected format "yyyy-MM-dd"; nested exception is com.fasterxml.jackson.databind.exc.InvalidFormatException: Cannot deserialize value of type `java.util.Date` from String "202-135": expected format "yyyy-MM-dd"
 at [Source: (PushbackInputStream); line: 3, column: 11] (through reference chain: com.project.weather.travel.model.Weather["date"])]
2019-09-24 12:09:12.863  WARN 9588 --- [http-nio-8080-exec-4] .w.s.m.s.DefaultHandlerExceptionResolver : Resolved [org.springframework.http.converter.HttpMessageNotReadableException: JSON parse error: Cannot deserialize value of type `java.util.Date` from String "yty-135": expected format "yyyy-MM-dd"; nested exception is com.fasterxml.jackson.databind.exc.InvalidFormatException: Cannot deserialize value of type `java.util.Date` from String "yty-135": expected format "yyyy-MM-dd"
 at [Source: (PushbackInputStream); line: 3, column: 11] (through reference chain: com.project.weather.travel.model.Weather["date"])]
2019-09-24 12:09:18.908  WARN 9588 --- [http-nio-8080-exec-5] .w.s.m.s.DefaultHandlerExceptionResolver : Resolved [org.springframework.http.converter.HttpMessageNotReadableException: JSON parse error: Cannot deserialize value of type `java.util.Date` from String "yty-135": expected format "yyyy-MM-dd"; nested exception is com.fasterxml.jackson.databind.exc.InvalidFormatException: Cannot deserialize value of type `java.util.Date` from String "yty-135": expected format "yyyy-MM-dd"
 at [Source: (PushbackInputStream); line: 3, column: 11] (through reference chain: com.project.weather.travel.model.Weather["date"])]
2019-09-24 12:09:56.624  WARN 9588 --- [http-nio-8080-exec-6] .w.s.m.s.DefaultHandlerExceptionResolver : Resolved [org.springframework.http.converter.HttpMessageNotReadableException: JSON parse error: Cannot deserialize value of type `java.util.Date` from String "yty-135": expected format "yyyy-MM-dd"; nested exception is com.fasterxml.jackson.databind.exc.InvalidFormatException: Cannot deserialize value of type `java.util.Date` from String "yty-135": expected format "yyyy-MM-dd"
 at [Source: (PushbackInputStream); line: 3, column: 11] (through reference chain: com.project.weather.travel.model.Weather["date"])]
2019-09-24 12:10:05.258  WARN 9588 --- [http-nio-8080-exec-7] .w.s.m.s.DefaultHandlerExceptionResolver : Resolved [org.springframework.http.converter.HttpMessageNotReadableException: JSON parse error: Cannot deserialize value of type `java.util.Date` from String "yty-135": expected format "yyyy-MM-dd"; nested exception is com.fasterxml.jackson.databind.exc.InvalidFormatException: Cannot deserialize value of type `java.util.Date` from String "yty-135": expected format "yyyy-MM-dd"
 at [Source: (PushbackInputStream); line: 3, column: 11] (through reference chain: com.project.weather.travel.model.Weather["date"])]
2019-09-24 12:11:57.942  INFO 9588 --- [RMI TCP Connection(2)-127.0.0.1] inMXBeanRegistrar$SpringApplicationAdmin : Application shutdown requested.
2019-09-24 12:11:57.949  INFO 9588 --- [RMI TCP Connection(2)-127.0.0.1] o.s.s.concurrent.ThreadPoolTaskExecutor  : Shutting down ExecutorService 'applicationTaskExecutor'
2019-09-24 12:11:57.952  INFO 9588 --- [RMI TCP Connection(2)-127.0.0.1] j.LocalContainerEntityManagerFactoryBean : Closing JPA EntityManagerFactory for persistence unit 'default'
2019-09-24 12:11:57.987  INFO 9588 --- [RMI TCP Connection(2)-127.0.0.1] com.zaxxer.hikari.HikariDataSource       : HikariPool-1 - Shutdown initiated...
2019-09-24 12:11:58.015  INFO 9588 --- [RMI TCP Connection(2)-127.0.0.1] com.zaxxer.hikari.HikariDataSource       : HikariPool-1 - Shutdown completed.
2019-09-24 12:13:23.780  INFO 10304 --- [main] com.project.weather.travel.App           : Starting App on DESKTOP-VUSH7P2 with PID 10304 (C:\Users\Avantika\Documents\workspace-sts-3.9.9.RELEASE\travel\target\classes started by Avantika in C:\Users\Avantika\Documents\workspace-sts-3.9.9.RELEASE\travel)
2019-09-24 12:13:23.788 DEBUG 10304 --- [main] com.project.weather.travel.App           : Running with Spring Boot v2.1.6.RELEASE, Spring v5.1.8.RELEASE
2019-09-24 12:13:23.790  INFO 10304 --- [main] com.project.weather.travel.App           : No active profile set, falling back to default profiles: default
2019-09-24 12:13:25.463  INFO 10304 --- [main] .s.d.r.c.RepositoryConfigurationDelegate : Bootstrapping Spring Data repositories in DEFAULT mode.
2019-09-24 12:13:25.654  INFO 10304 --- [main] .s.d.r.c.RepositoryConfigurationDelegate : Finished Spring Data repository scanning in 167ms. Found 2 repository interfaces.
2019-09-24 12:13:26.503  INFO 10304 --- [main] trationDelegate$BeanPostProcessorChecker : Bean 'org.springframework.transaction.annotation.ProxyTransactionManagementConfiguration' of type [org.springframework.transaction.annotation.ProxyTransactionManagementConfiguration$$EnhancerBySpringCGLIB$$1590ea6c] is not eligible for getting processed by all BeanPostProcessors (for example: not eligible for auto-proxying)
2019-09-24 12:13:27.551  INFO 10304 --- [main] o.s.b.w.embedded.tomcat.TomcatWebServer  : Tomcat initialized with port(s): 8080 (http)
2019-09-24 12:13:27.613  INFO 10304 --- [main] o.apache.catalina.core.StandardService   : Starting service [Tomcat]
2019-09-24 12:13:27.615  INFO 10304 --- [main] org.apache.catalina.core.StandardEngine  : Starting Servlet engine: [Apache Tomcat/9.0.21]
2019-09-24 12:13:27.932  INFO 10304 --- [main] o.a.c.c.C.[Tomcat].[localhost].[/]       : Initializing Spring embedded WebApplicationContext
2019-09-24 12:13:27.934  INFO 10304 --- [main] o.s.web.context.ContextLoader            : Root WebApplicationContext: initialization completed in 4033 ms
2019-09-24 12:13:28.416  INFO 10304 --- [main] com.zaxxer.hikari.HikariDataSource       : HikariPool-1 - Starting...
2019-09-24 12:13:30.584  INFO 10304 --- [main] com.zaxxer.hikari.HikariDataSource       : HikariPool-1 - Start completed.
2019-09-24 12:13:30.843  INFO 10304 --- [main] o.hibernate.jpa.internal.util.LogHelper  : HHH000204: Processing PersistenceUnitInfo [
	name: default
	...]
2019-09-24 12:13:31.170  INFO 10304 --- [main] org.hibernate.Version                    : HHH000412: Hibernate Core {5.3.10.Final}
2019-09-24 12:13:31.176  INFO 10304 --- [main] org.hibernate.cfg.Environment            : HHH000206: hibernate.properties not found
2019-09-24 12:13:32.094  INFO 10304 --- [main] o.hibernate.annotations.common.Version   : HCANN000001: Hibernate Commons Annotations {5.0.4.Final}
2019-09-24 12:13:32.668  INFO 10304 --- [main] org.hibernate.dialect.Dialect            : HHH000400: Using dialect: org.hibernate.dialect.MySQL5Dialect
2019-09-24 12:13:35.412  INFO 10304 --- [main] j.LocalContainerEntityManagerFactoryBean : Initialized JPA EntityManagerFactory for persistence unit 'default'
2019-09-24 12:13:37.556  INFO 10304 --- [main] o.s.s.concurrent.ThreadPoolTaskExecutor  : Initializing ExecutorService 'applicationTaskExecutor'
2019-09-24 12:13:37.735  WARN 10304 --- [main] aWebConfiguration$JpaWebMvcConfiguration : spring.jpa.open-in-view is enabled by default. Therefore, database queries may be performed during view rendering. Explicitly configure spring.jpa.open-in-view to disable this warning
2019-09-24 12:13:38.606  INFO 10304 --- [main] o.s.b.w.embedded.tomcat.TomcatWebServer  : Tomcat started on port(s): 8080 (http) with context path ''
2019-09-24 12:13:38.613  INFO 10304 --- [main] com.project.weather.travel.App           : Started App in 15.753 seconds (JVM running for 17.455)
2019-09-24 12:14:39.616  INFO 10304 --- [http-nio-8080-exec-1] o.a.c.c.C.[Tomcat].[localhost].[/]       : Initializing Spring DispatcherServlet 'dispatcherServlet'
2019-09-24 12:14:39.618  INFO 10304 --- [http-nio-8080-exec-1] o.s.web.servlet.DispatcherServlet        : Initializing Servlet 'dispatcherServlet'
2019-09-24 12:14:39.646  INFO 10304 --- [http-nio-8080-exec-1] o.s.web.servlet.DispatcherServlet        : Completed initialization in 28 ms
2019-09-24 12:14:39.962  WARN 10304 --- [http-nio-8080-exec-1] .w.s.m.s.DefaultHandlerExceptionResolver : Resolved [org.springframework.http.converter.HttpMessageNotReadableException: JSON parse error: Cannot deserialize value of type `java.util.Date` from String "yty-135": expected format "yyyy-MM-dd"; nested exception is com.fasterxml.jackson.databind.exc.InvalidFormatException: Cannot deserialize value of type `java.util.Date` from String "yty-135": expected format "yyyy-MM-dd"
 at [Source: (PushbackInputStream); line: 3, column: 11] (through reference chain: com.project.weather.travel.model.Weather["date"])]
